Error: unexpected cid type: function
Error: file does not exist
undefined
Error: unexpected cid type: undefined
Error: file does not exist
undefined
Error: unexpected cid type: undefined
Error: file does not exist
undefined
Error: unexpected cid type: undefined
[object Object],[object Object],[object Object],[object Object],[object Object]
Error: unexpected cid type: object
[object Object],[object Object],[object Object],[object Object],[object Object],[object Object]
Error: unexpected cid type: object
[object Object],[object Object],[object Object],[object Object],[object Object],[object Object]
Error: unexpected cid type: object
[object Object],[object Object],[object Object],[object Object],[object Object],[object Object]
Error: unexpected cid type: object
[object Object]
Error: unexpected cid type: object
[object Object]
Error: unexpected cid type: object
[object Object]
Error: unexpected cid type: undefined
[object Object]
[object Object]
[object Object]
[object Object]
